MyApplication2/app/build/intermediates/manifest_merge_blame_file/debug/manifest-merger-blame-debug-report.txt
1<?xml version="1.0" encoding="utf-8"?>
2<manifest xmlns:android="http://schemas.android.com/apk/res/android"
3    package="com.example.myapplication1"
4    android:versionCode="1"
5    android:versionName="1.0" >
6
7    <uses-sdk
8        android:minSdkVersion="16"
8-->src\main\AndroidManifest.xml
9        android:targetSdkVersion="30" />
9-->src\main\AndroidManifest.xml
10
11    <uses-permission android:name="android.permission.READ_EXTERNAL_STORAGE" />
11-->src\main\AndroidManifest.xml:6:5-80
11-->src\main\AndroidManifest.xml:6:22-77
12
13    <application
13-->src\main\AndroidManifest.xml:8:5-36:19
14        android:allowBackup="true"
14-->src\main\AndroidManifest.xml:9:9-35
15        android:appComponentFactory="androidx.core.app.CoreComponentFactory"
15-->[androidx.core:core:1.5.0] AndroidManifest.xml:24:18-86
16        android:debuggable="true"
17        android:icon="@mipmap/ic_launcher"
17-->src\main\AndroidManifest.xml:10:9-43
18        android:label="@string/app_name"
18-->src\main\AndroidManifest.xml:11:9-41
19        android:roundIcon="@mipmap/ic_launcher_round"
19-->src\main\AndroidManifest.xml:12:9-54
20        android:supportsRtl="true"
20-->src\main\AndroidManifest.xml:13:9-35
21        android:testOnly="true"
22        android:theme="@style/Theme.MyApplication1.NoActionBar" >
22-->src\main\AndroidManifest.xml:14:9-64
23        <activity android:name="com.example.myapplication1.Createnewnotebook" />
23-->src\main\AndroidManifest.xml:16:9-55
23-->src\main\AndroidManifest.xml:16:19-52
24        <activity android:name="com.example.myapplication1.bmicalculation" />
24-->src\main\AndroidManifest.xml:17:9-52
24-->src\main\AndroidManifest.xml:17:19-49
25        <activity android:name="com.example.myapplication1.DeleteAccount" />
25-->src\main\AndroidManifest.xml:18:9-51
25-->src\main\AndroidManifest.xml:18:19-48
26        <activity android:name="com.example.myapplication1.HeaderActivity" />
26-->src\main\AndroidManifest.xml:19:9-52
26-->src\main\AndroidManifest.xml:19:19-49
27        <activity android:name="com.example.myapplication1.ResetPage" />
27-->src\main\AndroidManifest.xml:20:9-47
27-->src\main\AndroidManifest.xml:20:19-44
28        <activity android:name="com.example.myapplication1.ForgotPasswordPage" />
28-->src\main\AndroidManifest.xml:21:9-56
28-->src\main\AndroidManifest.xml:21:19-53
29        <activity android:name="com.example.myapplication1.RegistrationPage" />
29-->src\main\AndroidManifest.xml:22:9-54
29-->src\main\AndroidManifest.xml:22:19-51
30        <activity android:name="com.example.myapplication1.BMI" />
30-->src\main\AndroidManifest.xml:23:9-41
30-->src\main\AndroidManifest.xml:23:19-38
31        <activity android:name="com.example.myapplication1.Timetable" />
31-->src\main\AndroidManifest.xml:24:9-47
31-->src\main\AndroidManifest.xml:24:19-44
32        <activity android:name="com.example.myapplication1.Calendar" />
32-->src\main\AndroidManifest.xml:25:9-46
32-->src\main\AndroidManifest.xml:25:19-43
33        <activity android:name="com.example.myapplication1.WaterTracker" />
33-->src\main\AndroidManifest.xml:26:9-50
33-->src\main\AndroidManifest.xml:26:19-47
34        <activity android:name="com.example.myapplication1.Notebook" />
34-->src\main\AndroidManifest.xml:27:9-46
34-->src\main\AndroidManifest.xml:27:19-43
35        <activity android:name="com.example.myapplication1.Homepage" />
35-->src\main\AndroidManifest.xml:28:9-46
35-->src\main\AndroidManifest.xml:28:19-43
36        <activity android:name="com.example.myapplication1.MainActivity" >
36-->src\main\AndroidManifest.xml:29:9-35:20
36-->src\main\AndroidManifest.xml:29:19-47
37            <intent-filter>
37-->src\main\AndroidManifest.xml:30:13-34:29
38                <action android:name="android.intent.action.MAIN" />
38-->src\main\AndroidManifest.xml:31:17-69
38-->src\main\AndroidManifest.xml:31:25-66
39
40                <category android:name="android.intent.category.LAUNCHER" />
40-->src\main\AndroidManifest.xml:33:17-77
40-->src\main\AndroidManifest.xml:33:27-74
41            </intent-filter>
42        </activity>
43        <activity
43-->[com.karumi:dexter:6.2.2] AndroidManifest.xml:27:9-29:72
44            android:name="com.karumi.dexter.DexterActivity"
44-->[com.karumi:dexter:6.2.2] AndroidManifest.xml:28:13-60
45            android:theme="@style/Dexter.Internal.Theme.Transparent" />
45-->[com.karumi:dexter:6.2.2] AndroidManifest.xml:29:13-69
46    </application>
47
48</manifest>